<?xml version="1.0" encoding="UTF-8"?>
<!-- Generated by org.testng.reporters.JUnitReportReporter -->
<testsuite hostname="JCHOWDRY1013WKS" name="spafinder.co.uk.IGC_Print_GuestInUK" tests="1" failures="0" timestamp="30 Sep 2014 15:40:18 GMT" time="58.349" errors="0">
  <testcase name="IGC_PrintGuestInUK" time="58.349" classname="spafinder.co.uk.IGC_Print_GuestInUK"/>
</testsuite> <!-- spafinder.co.uk.IGC_Print_GuestInUK -->
