<?xml version="1.0" encoding="UTF-8"?>
<!-- Generated by org.testng.reporters.JUnitReportReporter -->
<testsuite hostname="JCHOWDRY1013WKS" name="spafinder.co.uk.SearchBoxUK" tests="5" failures="0" timestamp="15 Oct 2014 18:05:46 GMT" time="189.707" errors="0">
  <testcase name="searchByYogaInUK" time="42.117" classname="spafinder.co.uk.SearchBoxUK"/>
  <testcase name="searchByMassageInUK" time="24.363" classname="spafinder.co.uk.SearchBoxUK"/>
  <testcase name="searchByFitnessInUK" time="48.423" classname="spafinder.co.uk.SearchBoxUK"/>
  <testcase name="searchByPilatesInUK" time="35.713" classname="spafinder.co.uk.SearchBoxUK"/>
  <testcase name="searchBySpaInUK" time="39.091" classname="spafinder.co.uk.SearchBoxUK"/>
</testsuite> <!-- spafinder.co.uk.SearchBoxUK -->
