<?xml version="1.0" encoding="UTF-8"?>
<!-- Generated by org.testng.reporters.JUnitReportReporter -->
<testsuite hostname="JCHOWDRY1013WKS" name="spafinder.com.Classic_ExistingUserUsingPromoCodeInUSA" tests="1" failures="0" timestamp="2 Sep 2014 15:39:11 GMT" time="114.973" errors="0">
  <testcase name="ClassicExsitingUserApplyingPromoUsingNewCardinUSA" time="114.973" classname="spafinder.com.Classic_ExistingUserUsingPromoCodeInUSA"/>
</testsuite> <!-- spafinder.com.Classic_ExistingUserUsingPromoCodeInUSA -->
