<?xml version="1.0" encoding="UTF-8"?>
<!-- Generated by org.testng.reporters.JUnitReportReporter -->
<testsuite hostname="JCHOWDRY1013WKS" name="spafinder.ca.IGC_Print_UserWithMultipleCardsAndPromoInCA" tests="1" failures="0" timestamp="16 Sep 2014 13:35:47 GMT" time="82.377" errors="0">
  <testcase name="IGC_Print_UserWithMultipleCardsAndPromo_inCA" time="82.377" classname="spafinder.ca.IGC_Print_UserWithMultipleCardsAndPromoInCA"/>
</testsuite> <!-- spafinder.ca.IGC_Print_UserWithMultipleCardsAndPromoInCA -->
