<?xml version="1.0" encoding="UTF-8"?>
<!-- Generated by org.testng.reporters.JUnitReportReporter -->
<testsuite hostname="JCHOWDRY1013WKS" name="spafinder.com.SearchPageInUSA" tests="3" failures="0" timestamp="15 Oct 2014 17:07:04 GMT" time="86.195" errors="0">
  <testcase name="filterCheckBoxTest" time="45.866" classname="spafinder.com.SearchPageInUSA"/>
  <testcase name="PaginationTest" time="22.595" classname="spafinder.com.SearchPageInUSA"/>
  <testcase name="sortByTest" time="17.734" classname="spafinder.com.SearchPageInUSA"/>
</testsuite> <!-- spafinder.com.SearchPageInUSA -->
