<?xml version="1.0" encoding="UTF-8"?>
<!-- Generated by org.testng.reporters.JUnitReportReporter -->
<testsuite hostname="JCHOWDRY1013WKS" name="spafinder.co.uk.Classic_ExistingUserUsing3DVisaInUK" tests="1" failures="0" timestamp="30 Sep 2014 14:45:17 GMT" time="90.831" errors="0">
  <testcase name="ClassicMemberUsing3dVisa_InUK" time="90.831" classname="spafinder.co.uk.Classic_ExistingUserUsing3DVisaInUK"/>
</testsuite> <!-- spafinder.co.uk.Classic_ExistingUserUsing3DVisaInUK -->
