<?xml version="1.0" encoding="UTF-8"?>
<!-- Generated by org.testng.reporters.JUnitReportReporter -->
<testsuite hostname="JCHOWDRY1013WKS" name="spafinder.co.uk.Classic_ExistingUserInUK" tests="1" failures="0" timestamp="30 Sep 2014 15:55:38 GMT" time="84.282" errors="0">
  <testcase name="ClassicUserInUK" time="84.282" classname="spafinder.co.uk.Classic_ExistingUserInUK"/>
</testsuite> <!-- spafinder.co.uk.Classic_ExistingUserInUK -->
