<?xml version="1.0" encoding="UTF-8"?>
<!-- Generated by org.testng.reporters.JUnitReportReporter -->
<testsuite hostname="JCHOWDRY1013WKS" name="spafinder.co.uk.Classic_GuestUsing3DVisaInUK" tests="1" failures="0" timestamp="30 Sep 2014 15:57:59 GMT" time="67.055" errors="0">
  <testcase name="ClassicGuestUsing3dVisa_InUK" time="67.055" classname="spafinder.co.uk.Classic_GuestUsing3DVisaInUK"/>
</testsuite> <!-- spafinder.co.uk.Classic_GuestUsing3DVisaInUK -->
