<?xml version="1.0" encoding="UTF-8"?>
<!-- Generated by org.testng.reporters.JUnitReportReporter -->
<testsuite hostname="JCHOWDRY1013WKS" name="spafinder.com.Classic_ExistingUserUsingMultipleCardAndPromoInUSA" tests="1" failures="0" timestamp="2 Sep 2014 15:33:16 GMT" time="76.502" errors="0">
  <testcase name="ClassicExistingUser_UsingMultipleCardsAndPromoUsingNewCARDInUSA" time="76.502" classname="spafinder.com.Classic_ExistingUserUsingMultipleCardAndPromoInUSA"/>
</testsuite> <!-- spafinder.com.Classic_ExistingUserUsingMultipleCardAndPromoInUSA -->
