<?xml version="1.0" encoding="UTF-8"?>
<!-- Generated by org.testng.reporters.JUnitReportReporter -->
<testsuite hostname="JCHOWDRY1013WKS" name="spafinder.co.uk.IGC_ExistingUserInUK" tests="1" failures="0" timestamp="30 Sep 2014 14:45:17 GMT" time="60.583" errors="0">
  <testcase name="IGC_Email_ExistingUserInUK" time="60.583" classname="spafinder.co.uk.IGC_ExistingUserInUK"/>
</testsuite> <!-- spafinder.co.uk.IGC_ExistingUserInUK -->
