<?xml version="1.0" encoding="UTF-8"?>
<!-- Generated by org.testng.reporters.JUnitReportReporter -->
<testsuite hostname="JCHOWDRY1013WKS" name="spafinder.ca.IGC_Print_GuestInCA" tests="1" failures="0" timestamp="16 Sep 2014 13:35:47 GMT" time="56.097" errors="0">
  <testcase name="IGC_PrintGuestInCA" time="56.097" classname="spafinder.ca.IGC_Print_GuestInCA"/>
</testsuite> <!-- spafinder.ca.IGC_Print_GuestInCA -->
