<?xml version="1.0" encoding="UTF-8"?>
<!-- Generated by org.testng.reporters.JUnitReportReporter -->
<testsuite hostname="JCHOWDRY1013WKS" name="spafinder.ca.Classic_ExistingUserInCA" tests="1" failures="0" timestamp="16 Sep 2014 13:35:47 GMT" time="72.500" errors="0">
  <testcase name="ClassicMemberUsingFreeShippingInCA" time="72.500" classname="spafinder.ca.Classic_ExistingUserInCA"/>
</testsuite> <!-- spafinder.ca.Classic_ExistingUserInCA -->
