<?xml version="1.0" encoding="UTF-8"?>
<!-- Generated by org.testng.reporters.JUnitReportReporter -->
<testsuite hostname="JCHOWDRY1013WKS" name="spafinder.co.uk.Classic_GuestInUK" tests="1" failures="0" timestamp="30 Sep 2014 14:45:17 GMT" time="81.526" errors="0">
  <testcase name="ClassicGuest_UK" time="81.526" classname="spafinder.co.uk.Classic_GuestInUK"/>
</testsuite> <!-- spafinder.co.uk.Classic_GuestInUK -->
