<?xml version="1.0" encoding="UTF-8"?>
<!-- Generated by org.testng.reporters.JUnitReportReporter -->
<testsuite hostname="JCHOWDRY1013WKS" name="spafinder.com.Classic_GuestUsingPromoInUSA" tests="1" failures="0" timestamp="2 Sep 2014 15:47:13 GMT" time="60.452" errors="0">
  <testcase name="ClassicUsingPromoInUSA" time="60.452" classname="spafinder.com.Classic_GuestUsingPromoInUSA"/>
</testsuite> <!-- spafinder.com.Classic_GuestUsingPromoInUSA -->
