<?xml version="1.0" encoding="UTF-8"?>
<!-- Generated by org.testng.reporters.JUnitReportReporter -->
<testsuite hostname="JCHOWDRY1013WKS" name="spafinder.com.Classic_ExistingUserUsingNewCardInUSA" tests="1" failures="0" timestamp="2 Sep 2014 15:35:00 GMT" time="62.268" errors="0">
  <testcase name="classicMemberUsingNewCardInUSA" time="62.268" classname="spafinder.com.Classic_ExistingUserUsingNewCardInUSA"/>
</testsuite> <!-- spafinder.com.Classic_ExistingUserUsingNewCardInUSA -->
