<?xml version="1.0" encoding="UTF-8"?>
<!-- Generated by org.testng.reporters.JUnitReportReporter -->
<testsuite hostname="JCHOWDRY1013WKS" name="spafinder.co.uk.Classic_ExistingUserUsingPromoInUK" tests="1" failures="0" timestamp="30 Sep 2014 14:45:17 GMT" time="83.898" errors="0">
  <testcase name="ClassicUserPromoInUK" time="83.898" classname="spafinder.co.uk.Classic_ExistingUserUsingPromoInUK"/>
</testsuite> <!-- spafinder.co.uk.Classic_ExistingUserUsingPromoInUK -->
