<?xml version="1.0" encoding="UTF-8"?>
<!-- Generated by org.testng.reporters.JUnitReportReporter -->
<testsuite hostname="JCHOWDRY1013WKS" name="spafinder.com.Classic_GuestInUSA" tests="1" failures="0" timestamp="2 Sep 2014 15:01:24 GMT" time="40.635" errors="0">
  <testcase name="classicGuestUSA" time="40.635" classname="spafinder.com.Classic_GuestInUSA"/>
</testsuite> <!-- spafinder.com.Classic_GuestInUSA -->
