<?xml version="1.0" encoding="UTF-8"?>
<!-- Generated by org.testng.reporters.JUnitReportReporter -->
<testsuite hostname="JCHOWDRY1013WKS" name="spafinder.com.MBOalreadyMemberUSA" tests="1" failures="0" timestamp="14 Oct 2014 19:42:44 GMT" time="45.387" errors="0">
  <testcase name="MBOusingCCinUSA" time="45.387" classname="spafinder.com.MBOalreadyMemberUSA"/>
</testsuite> <!-- spafinder.com.MBOalreadyMemberUSA -->
