<?xml version="1.0" encoding="UTF-8"?>
<!-- Generated by org.testng.reporters.JUnitReportReporter -->
<testsuite hostname="JCHOWDRY1013WKS" name="spafinder.co.uk.IGC_ExistingUserUsingPromoInUK" tests="1" failures="0" timestamp="30 Sep 2014 14:45:17 GMT" time="59.163" errors="0">
  <testcase name="IGC_ExistingUserWithPromoInUK" time="59.163" classname="spafinder.co.uk.IGC_ExistingUserUsingPromoInUK"/>
</testsuite> <!-- spafinder.co.uk.IGC_ExistingUserUsingPromoInUK -->
