<?xml version="1.0" encoding="UTF-8"?>
<!-- Generated by org.testng.reporters.JUnitReportReporter -->
<testsuite hostname="JCHOWDRY1013WKS" name="spafinder.co.uk.IGC_GuestUsing3DVisaInUK" tests="1" failures="0" timestamp="30 Sep 2014 14:45:17 GMT" time="49.396" errors="0">
  <testcase name="IGC_GuestUserUsing3D_inUK" time="49.396" classname="spafinder.co.uk.IGC_GuestUsing3DVisaInUK"/>
</testsuite> <!-- spafinder.co.uk.IGC_GuestUsing3DVisaInUK -->
