<?xml version="1.0" encoding="UTF-8"?>
<!-- Generated by org.testng.reporters.JUnitReportReporter -->
<testsuite hostname="JCHOWDRY1013WKS" name="spafinder.com.HomepageBody_USA" tests="4" failures="0" timestamp="15 Oct 2014 16:26:42 GMT" time="258.323" errors="0">
  <testcase name="pageTitleTest" time="5.244" classname="spafinder.com.HomepageBody_USA"/>
  <testcase name="wellnessLifestyleTest" time="207.268" classname="spafinder.com.HomepageBody_USA"/>
  <testcase name="newslettersTest" time="22.550" classname="spafinder.com.HomepageBody_USA"/>
  <testcase name="heroImageTest" time="23.261" classname="spafinder.com.HomepageBody_USA"/>
</testsuite> <!-- spafinder.com.HomepageBody_USA -->
