<?xml version="1.0" encoding="UTF-8"?>
<!-- Generated by org.testng.reporters.JUnitReportReporter -->
<testsuite hostname="JCHOWDRY1013WKS" name="spafinder.ca.MBO_ExistingUserUsingGiftCardInCA" tests="1" failures="0" timestamp="14 Oct 2014 19:49:09 GMT" time="66.319" errors="0">
  <testcase name="MBOusingGCinCATest" time="66.319" classname="spafinder.ca.MBO_ExistingUserUsingGiftCardInCA"/>
</testsuite> <!-- spafinder.ca.MBO_ExistingUserUsingGiftCardInCA -->
