<?xml version="1.0" encoding="UTF-8"?>
<!-- Generated by org.testng.reporters.JUnitReportReporter -->
<testsuite hostname="JCHOWDRY1013WKS" name="spafinder.co.uk.MBOusingGCinUK" tests="1" failures="0" timestamp="14 Oct 2014 19:26:20 GMT" time="109.662" errors="0">
  <testcase name="MBOusingGC_inUK" time="109.662" classname="spafinder.co.uk.MBOusingGCinUK"/>
</testsuite> <!-- spafinder.co.uk.MBOusingGCinUK -->
