<?xml version="1.0" encoding="UTF-8"?>
<!-- Generated by org.testng.reporters.JUnitReportReporter -->
<testsuite hostname="JCHOWDRY1013WKS" name="spafinder.ca.MyAccountPage_InCA" tests="1" failures="0" timestamp="15 Oct 2014 17:35:08 GMT" time="89.434" errors="0">
  <testcase name="myAccountTestInCA" time="89.434" classname="spafinder.ca.MyAccountPage_InCA"/>
</testsuite> <!-- spafinder.ca.MyAccountPage_InCA -->
