<?xml version="1.0" encoding="UTF-8"?>
<!-- Generated by org.testng.reporters.JUnitReportReporter -->
<testsuite hostname="JCHOWDRY1013WKS" name="spafinder.ca.SearchBoxTestingCA" tests="5" failures="0" timestamp="15 Oct 2014 17:19:52 GMT" time="311.442" errors="0">
  <testcase name="searchByFitnessInCA" time="60.030" classname="spafinder.ca.SearchBoxTestingCA"/>
  <testcase name="searchByYogaInCA" time="41.021" classname="spafinder.ca.SearchBoxTestingCA"/>
  <testcase name="searchByMassageInCA" time="32.087" classname="spafinder.ca.SearchBoxTestingCA"/>
  <testcase name="searchBySpaInCA" time="132.239" classname="spafinder.ca.SearchBoxTestingCA"/>
  <testcase name="searchByPilatesInCA" time="46.065" classname="spafinder.ca.SearchBoxTestingCA"/>
</testsuite> <!-- spafinder.ca.SearchBoxTestingCA -->
