<?xml version="1.0" encoding="UTF-8"?>
<!-- Generated by org.testng.reporters.JUnitReportReporter -->
<testsuite hostname="JCHOWDRY1013WKS" name="spafinder.co.uk.G1usingGCinUK" tests="1" failures="0" timestamp="15 Oct 2014 13:45:42 GMT" time="110.941" errors="0">
  <testcase name="G1AlreadyMemberUsingGC_UK" time="110.941" classname="spafinder.co.uk.G1usingGCinUK"/>
</testsuite> <!-- spafinder.co.uk.G1usingGCinUK -->
