<?xml version="1.0" encoding="UTF-8"?>
<!-- Generated by org.testng.reporters.JUnitReportReporter -->
<testsuite hostname="JCHOWDRY1013WKS" name="spafinder.com.SearchBoxTestingUSA" tests="5" failures="0" timestamp="14 Oct 2014 19:26:20 GMT" time="354.182" errors="0">
  <testcase name="searchBySpa" time="154.129" classname="spafinder.com.SearchBoxTestingUSA"/>
  <testcase name="searchByYoga" time="50.622" classname="spafinder.com.SearchBoxTestingUSA"/>
  <testcase name="searchByPilates" time="55.200" classname="spafinder.com.SearchBoxTestingUSA"/>
  <testcase name="searchByMassage" time="40.694" classname="spafinder.com.SearchBoxTestingUSA"/>
  <testcase name="searchByFitness" time="53.537" classname="spafinder.com.SearchBoxTestingUSA"/>
</testsuite> <!-- spafinder.com.SearchBoxTestingUSA -->
