<?xml version="1.0" encoding="UTF-8"?>
<!-- Generated by org.testng.reporters.JUnitReportReporter -->
<testsuite hostname="JCHOWDRY1013WKS" name="spafinder.co.uk.IGC_Print_ExistingUserWithMultipleCardsAndPromoUK" tests="1" failures="0" timestamp="30 Sep 2014 15:38:09 GMT" time="121.462" errors="0">
  <testcase name="IGC_Print_UserWithMultipleCardsAndPromo" time="121.462" classname="spafinder.co.uk.IGC_Print_ExistingUserWithMultipleCardsAndPromoUK"/>
</testsuite> <!-- spafinder.co.uk.IGC_Print_ExistingUserWithMultipleCardsAndPromoUK -->
