<?xml version="1.0" encoding="UTF-8"?>
<!-- Generated by org.testng.reporters.JUnitReportReporter -->
<testsuite hostname="JCHOWDRY1013WKS" name="spafinder.com.MBOusingGCandCC" tests="1" failures="0" timestamp="14 Oct 2014 19:44:35 GMT" time="86.280" errors="0">
  <testcase name="MBOusing_GCandCC_inUSA" time="86.280" classname="spafinder.com.MBOusingGCandCC"/>
</testsuite> <!-- spafinder.com.MBOusingGCandCC -->
