<?xml version="1.0" encoding="UTF-8"?>
<!-- Generated by org.testng.reporters.JUnitReportReporter -->
<testsuite hostname="JCHOWDRY1013WKS" name="spafinder.ca.G1_ExistingUserUsingGiftCardInCA" tests="1" failures="0" timestamp="15 Oct 2014 13:43:15 GMT" time="121.793" errors="0">
  <testcase name="G1AlreadyMemUsingGCinCA" time="121.793" classname="spafinder.ca.G1_ExistingUserUsingGiftCardInCA"/>
</testsuite> <!-- spafinder.ca.G1_ExistingUserUsingGiftCardInCA -->
