<?xml version="1.0" encoding="UTF-8"?>
<!-- Generated by org.testng.reporters.JUnitReportReporter -->
<testsuite hostname="JCHOWDRY1013WKS" name="spafinder.com.Classic_GuestUsingMultipleCardsAndPromoInUSA" tests="1" failures="0" timestamp="2 Sep 2014 15:41:04 GMT" time="81.023" errors="0">
  <testcase name="ClassicGuest_UsingMultipleCardsAndPromoInUSA" time="81.023" classname="spafinder.com.Classic_GuestUsingMultipleCardsAndPromoInUSA"/>
</testsuite> <!-- spafinder.com.Classic_GuestUsingMultipleCardsAndPromoInUSA -->
