<?xml version="1.0" encoding="UTF-8"?>
<!-- Generated by org.testng.reporters.JUnitReportReporter -->
<testsuite hostname="JCHOWDRY1013WKS" name="spafinder.co.uk.MboMemberUK" tests="1" failures="0" timestamp="14 Oct 2014 19:50:33 GMT" time="65.655" errors="0">
  <testcase name="MBO_UserWithCC_inUK" time="65.655" classname="spafinder.co.uk.MboMemberUK"/>
</testsuite> <!-- spafinder.co.uk.MboMemberUK -->
