<?xml version="1.0" encoding="UTF-8"?>
<!-- Generated by org.testng.reporters.JUnitReportReporter -->
<testsuite hostname="JCHOWDRY1013WKS" name="spafinder.ca.MBO_ExistingUserUsingCCandGCinCA" tests="1" failures="0" timestamp="14 Oct 2014 19:46:45 GMT" time="92.484" errors="0">
  <testcase name="MBOusing_GCandCCinCA" time="92.484" classname="spafinder.ca.MBO_ExistingUserUsingCCandGCinCA"/>
</testsuite> <!-- spafinder.ca.MBO_ExistingUserUsingCCandGCinCA -->
