<?xml version="1.0" encoding="UTF-8"?>
<!-- Generated by org.testng.reporters.JUnitReportReporter -->
<testsuite hostname="JCHOWDRY1013WKS" name="spafinder.com.Classic_ExistingUserUsingSavedCardInUSA" tests="1" failures="0" timestamp="2 Sep 2014 15:01:24 GMT" time="125.106" errors="0">
  <testcase name="classicMemberUsingExistingCardUSA" time="125.106" classname="spafinder.com.Classic_ExistingUserUsingSavedCardInUSA"/>
</testsuite> <!-- spafinder.com.Classic_ExistingUserUsingSavedCardInUSA -->
