<?xml version="1.0" encoding="UTF-8"?>
<!-- Generated by org.testng.reporters.JUnitReportReporter -->
<testsuite hostname="JCHOWDRY1013WKS" name="spafinder.ca.MBO_ExistingUserUsingCCinCA" tests="1" failures="0" timestamp="14 Oct 2014 19:47:48 GMT" time="46.777" errors="0">
  <testcase name="MBOAlreadyMember_CA" time="46.777" classname="spafinder.ca.MBO_ExistingUserUsingCCinCA"/>
</testsuite> <!-- spafinder.ca.MBO_ExistingUserUsingCCinCA -->
