<?xml version="1.0" encoding="UTF-8"?>
<!-- Generated by org.testng.reporters.JUnitReportReporter -->
<testsuite hostname="JCHOWDRY1013WKS" name="spafinder.co.uk.IGC_ExistingUserUsing3DVisaCardInUK" tests="1" failures="0" timestamp="30 Sep 2014 14:45:17 GMT" time="55.555" errors="0">
  <testcase name="IGC_ExistingUserUsing3D_inUK" time="55.555" classname="spafinder.co.uk.IGC_ExistingUserUsing3DVisaCardInUK"/>
</testsuite> <!-- spafinder.co.uk.IGC_ExistingUserUsing3DVisaCardInUK -->
