<?xml version="1.0" encoding="UTF-8"?>
<!-- Generated by org.testng.reporters.JUnitReportReporter -->
<testsuite hostname="JCHOWDRY1013WKS" name="spafinder.co.uk.G1AlreadyMemberUK" tests="1" failures="0" timestamp="14 Oct 2014 19:26:20 GMT" time="68.935" errors="0">
  <testcase name="G1_UsingCCinUK" time="68.935" classname="spafinder.co.uk.G1AlreadyMemberUK"/>
</testsuite> <!-- spafinder.co.uk.G1AlreadyMemberUK -->
