<?xml version="1.0" encoding="UTF-8"?>
<!-- Generated by org.testng.reporters.JUnitReportReporter -->
<testsuite hostname="JCHOWDRY1013WKS" name="spafinder.co.uk.MBOusingGCandCCinUK" tests="1" failures="0" timestamp="14 Oct 2014 19:52:24 GMT" time="97.304" errors="0">
  <testcase name="MBOMemberUsingGCAandCCinUK" time="97.304" classname="spafinder.co.uk.MBOusingGCandCCinUK"/>
</testsuite> <!-- spafinder.co.uk.MBOusingGCandCCinUK -->
